c:\users\bhvyf\onedrive\문서\visual studio 2015\projects\timerstopwatch\timerstopwatch\debug\timerstopwatch.pch
c:\users\bhvyf\onedrive\문서\visual studio 2015\projects\timerstopwatch\timerstopwatch\debug\vc140.pdb
c:\users\bhvyf\onedrive\문서\visual studio 2015\projects\timerstopwatch\timerstopwatch\debug\vc140.idb
c:\users\bhvyf\onedrive\문서\visual studio 2015\projects\timerstopwatch\timerstopwatch\debug\stdafx.obj
c:\users\bhvyf\onedrive\문서\visual studio 2015\projects\timerstopwatch\timerstopwatch\debug\clock.obj
c:\users\bhvyf\onedrive\문서\visual studio 2015\projects\timerstopwatch\timerstopwatch\debug\curtimesettingdlg.obj
c:\users\bhvyf\onedrive\문서\visual studio 2015\projects\timerstopwatch\timerstopwatch\debug\mainfrm.obj
c:\users\bhvyf\onedrive\문서\visual studio 2015\projects\timerstopwatch\timerstopwatch\debug\stopwatchdlg.obj
c:\users\bhvyf\onedrive\문서\visual studio 2015\projects\timerstopwatch\timerstopwatch\debug\timerenddlg.obj
c:\users\bhvyf\onedrive\문서\visual studio 2015\projects\timerstopwatch\timerstopwatch\debug\timerstopwatch.obj
c:\users\bhvyf\onedrive\문서\visual studio 2015\projects\timerstopwatch\timerstopwatch\debug\timerstopwatchdoc.obj
c:\users\bhvyf\onedrive\문서\visual studio 2015\projects\timerstopwatch\timerstopwatch\debug\timerstopwatchview.obj
c:\users\bhvyf\onedrive\문서\visual studio 2015\projects\timerstopwatch\timerstopwatch\debug\timesettingdlg.obj
c:\users\bhvyf\onedrive\문서\visual studio 2015\projects\timerstopwatch\debug\timerstopwatch.ilk
c:\users\bhvyf\onedrive\문서\visual studio 2015\projects\timerstopwatch\debug\timerstopwatch.exe
c:\users\bhvyf\onedrive\문서\visual studio 2015\projects\timerstopwatch\debug\timerstopwatch.pdb
c:\users\bhvyf\onedrive\문서\visual studio 2015\projects\timerstopwatch\timerstopwatch\debug\timerstopwatch.res
c:\users\bhvyf\onedrive\문서\visual studio 2015\projects\timerstopwatch\timerstopwatch\debug\timerstopwatch.tlog\cl.command.1.tlog
c:\users\bhvyf\onedrive\문서\visual studio 2015\projects\timerstopwatch\timerstopwatch\debug\timerstopwatch.tlog\cl.read.1.tlog
c:\users\bhvyf\onedrive\문서\visual studio 2015\projects\timerstopwatch\timerstopwatch\debug\timerstopwatch.tlog\cl.write.1.tlog
c:\users\bhvyf\onedrive\문서\visual studio 2015\projects\timerstopwatch\timerstopwatch\debug\timerstopwatch.tlog\link.command.1.tlog
c:\users\bhvyf\onedrive\문서\visual studio 2015\projects\timerstopwatch\timerstopwatch\debug\timerstopwatch.tlog\link.read.1.tlog
c:\users\bhvyf\onedrive\문서\visual studio 2015\projects\timerstopwatch\timerstopwatch\debug\timerstopwatch.tlog\link.write.1.tlog
c:\users\bhvyf\onedrive\문서\visual studio 2015\projects\timerstopwatch\timerstopwatch\debug\timerstopwatch.tlog\rc.command.1.tlog
c:\users\bhvyf\onedrive\문서\visual studio 2015\projects\timerstopwatch\timerstopwatch\debug\timerstopwatch.tlog\rc.read.1.tlog
c:\users\bhvyf\onedrive\문서\visual studio 2015\projects\timerstopwatch\timerstopwatch\debug\timerstopwatch.tlog\rc.write.1.tlog
